<?xml version="1.0" encoding="UTF-8"?>
<!-- Generated by org.testng.reporters.JUnitReportReporter -->
<testsuite hostname="1120dd28e633" failures="0" tests="1" name="com.guru99.test.GoogleSearchTest" time="3.270" errors="0" timestamp="2024-07-22T18:09:43 UTC" skipped="0">
  <testcase classname="com.guru99.test.GoogleSearchTest" name="testGoogleSearch" time="3.270"/>
  <system-out/>
</testsuite> <!-- com.guru99.test.GoogleSearchTest -->
